<?xml version="1.0" encoding="UTF-8"?>
<testsuite xmlns:xsi="http://www.w3.org/2001/XMLSchema-instance" xsi:noNamespaceSchemaLocation="https://maven.apache.org/surefire/maven-surefire-plugin/xsd/surefire-test-report-3.0.xsd" version="3.0" name="com.dh.DentalClinicMVC.DentalClinicMvcApplicationTests" time="1.446" tests="1" errors="0" skipped="0" failures="0">
  <properties>
[...]
</properties>
  <testcase name="contextLoads" classname="com.dh.DentalClinicMVC.DentalClinicMvcApplicationTests" time="0.004">
    <system-out><![CDATA[2025-03-23T21:27:08.738-03:00  INFO 13792 --- [dentalClinic] [           main] t.c.s.AnnotationConfigContextLoaderUtils : Could not detect default configuration classes for test class [com.dh.DentalClinicMVC.DentalClinicMvcApplicationTests]: DentalClinicMvcApplicationTests does not declare any static, non-private, non-final, nested classes annotated with @Configuration.
2025-03-23T21:27:08.747-03:00  INFO 13792 --- [dentalClinic] [           main] .b.t.c.SpringBootTestContextBootstrapper : Found @SpringBootConfiguration com.dh.DentalClinicMVC.DentalClinicMvcApplication for test class com.dh.DentalClinicMVC.DentalClinicMvcApplicationTests

  .   ____          _            __ _ _
 /\\ / ___'_ __ _ _(_)_ __  __ _ \ \ \ \
( ( )\___ | '_ | '_| | '_ \/ _` | \ \ \ \
 \\/  ___)| |_)| | | | | || (_| |  ) ) ) )
  '  |____| .__|_| |_|_| |_\__, | / / / /
 =========|_|==============|___/=/_/_/_/
 :: Spring Boot ::                (v3.2.1)

2025-03-23T21:27:08.800-03:00  INFO 13792 --- [dentalClinic] [           main] c.d.D.DentalClinicMvcApplicationTests    : Starting DentalClinicMvcApplicationTests using Java 17.0.9 with PID 13792 (started by DELL in C:\Users\DELL\Desktop\Courses Digital House\3. Java Con SpringBoot\5. Seguridad Y Buenas Practicas(SpringSecurity)\DentalClinicMVC)
2025-03-23T21:27:08.801-03:00  INFO 13792 --- [dentalClinic] [           main] c.d.D.DentalClinicMvcApplicationTests    : No active profile set, falling back to 1 default profile: "default"
2025-03-23T21:27:09.114-03:00  INFO 13792 --- [dentalClinic] [           main] .s.d.r.c.RepositoryConfigurationDelegate : Bootstrapping Spring Data JPA repositories in DEFAULT mode.
2025-03-23T21:27:09.137-03:00  INFO 13792 --- [dentalClinic] [           main] .s.d.r.c.RepositoryConfigurationDelegate : Finished Spring Data repository scanning in 22 ms. Found 4 JPA repository interfaces.
2025-03-23T21:27:09.251-03:00  INFO 13792 --- [dentalClinic] [           main] o.hibernate.jpa.internal.util.LogHelper  : HHH000204: Processing PersistenceUnitInfo [name: default]
2025-03-23T21:27:09.255-03:00  INFO 13792 --- [dentalClinic] [           main] o.h.c.internal.RegionFactoryInitiator    : HHH000026: Second-level cache disabled
2025-03-23T21:27:09.263-03:00  INFO 13792 --- [dentalClinic] [           main] o.s.o.j.p.SpringPersistenceUnitInfo      : No LoadTimeWeaver setup: ignoring JPA class transformer
2025-03-23T21:27:09.264-03:00  INFO 13792 --- [dentalClinic] [           main] com.zaxxer.hikari.HikariDataSource       : HikariPool-2 - Starting...
2025-03-23T21:27:09.265-03:00  INFO 13792 --- [dentalClinic] [           main] com.zaxxer.hikari.pool.HikariPool        : HikariPool-2 - Added connection conn10: url=jdbc:h2:mem:dental1 user=SA
2025-03-23T21:27:09.266-03:00  INFO 13792 --- [dentalClinic] [           main] com.zaxxer.hikari.HikariDataSource       : HikariPool-2 - Start completed.
2025-03-23T21:27:09.380-03:00  INFO 13792 --- [dentalClinic] [           main] o.h.e.t.j.p.i.JtaPlatformInitiator       : HHH000489: No JTA platform available (set 'hibernate.transaction.jta.platform' to enable JTA platform integration)
Hibernate: drop table if exists address cascade 
Hibernate: drop table if exists appointment cascade 
Hibernate: drop table if exists dentists cascade 
Hibernate: drop table if exists patients cascade 
Hibernate: drop table if exists users cascade 
Hibernate: create table address (address_id integer generated by default as identity, number integer, location varchar(255), province varchar(255), street varchar(255), primary key (address_id))
Hibernate: create table appointment (date date, appointment_id bigint generated by default as identity, dentist_dentist_id bigint, patient_patient_id bigint, primary key (appointment_id))
Hibernate: create table dentists (registration integer, dentist_id bigint generated by default as identity, last_name varchar(255), name varchar(255), primary key (dentist_id))
Hibernate: create table patients (address_address_id integer unique, admission_of_date date, card_identity integer, patient_id bigint generated by default as identity, email varchar(255), last_name varchar(255), name varchar(255), primary key (patient_id))
Hibernate: create table users (id bigint generated by default as identity, email varchar(255), first_name varchar(255), last_name varchar(255), password varchar(255), role varchar(255) check (role in ('USER','ADMIN')), primary key (id))
Hibernate: alter table if exists appointment add constraint FKkui4tc4t13g0f8as8vel932wa foreign key (dentist_dentist_id) references dentists
Hibernate: alter table if exists appointment add constraint FKgj7to0t3p27um9yj4eiqtclq foreign key (patient_patient_id) references patients
Hibernate: alter table if exists patients add constraint FK7h05jdl48lgxcv9tokro7eljd foreign key (address_address_id) references address
2025-03-23T21:27:09.398-03:00  INFO 13792 --- [dentalClinic] [           main] j.LocalContainerEntityManagerFactoryBean : Initialized JPA EntityManagerFactory for persistence unit 'default'
2025-03-23T21:27:09.553-03:00  WARN 13792 --- [dentalClinic] [           main] JpaBaseConfiguration$JpaWebConfiguration : spring.jpa.open-in-view is enabled by default. Therefore, database queries may be performed during view rendering. Explicitly configure spring.jpa.open-in-view to disable this warning
2025-03-23T21:27:09.564-03:00  INFO 13792 --- [dentalClinic] [           main] o.s.b.a.w.s.WelcomePageHandlerMapping    : Adding welcome page: class path resource [static/index.html]
2025-03-23T21:27:10.076-03:00  INFO 13792 --- [dentalClinic] [           main] o.s.s.web.DefaultSecurityFilterChain     : Will secure any request with [org.springframework.security.web.session.DisableEncodeUrlFilter@756476a3, org.springframework.security.web.context.request.async.WebAsyncManagerIntegrationFilter@65e4ee59, org.springframework.security.web.context.SecurityContextHolderFilter@41d1bcbd, org.springframework.security.web.header.HeaderWriterFilter@578036a2, org.springframework.web.filter.CorsFilter@4746d52d, org.springframework.security.web.authentication.logout.LogoutFilter@24a696c0, com.dh.DentalClinicMVC.configuration.JwtAuthenticationFilter@2e6066e1, org.springframework.security.web.savedrequest.RequestCacheAwareFilter@6ba6f4e7, org.springframework.security.web.servletapi.SecurityContextHolderAwareRequestFilter@3d45ea17, org.springframework.security.web.authentication.AnonymousAuthenticationFilter@4d0927df, org.springframework.security.web.session.SessionManagementFilter@36cc6055, org.springframework.security.web.access.ExceptionTranslationFilter@1df6f57d, org.springframework.security.web.access.intercept.AuthorizationFilter@6a7c1725]
2025-03-23T21:27:10.119-03:00  WARN 13792 --- [dentalClinic] [           main] ion$DefaultTemplateResolverConfiguration : Cannot find template location: classpath:/templates/ (please add some templates, check your Thymeleaf configuration, or set spring.thymeleaf.check-template-location=false)
2025-03-23T21:27:10.148-03:00  INFO 13792 --- [dentalClinic] [           main] o.s.b.a.h2.H2ConsoleAutoConfiguration    : H2 console available at '/h2-console'. Database available at 'jdbc:h2:mem:dental1'
2025-03-23T21:27:10.175-03:00  INFO 13792 --- [dentalClinic] [           main] c.d.D.DentalClinicMvcApplicationTests    : Started DentalClinicMvcApplicationTests in 1.421 seconds (process running for 10.041)
]]></system-out>
  </testcase>
</testsuite>